Using pre-set license
Built from '2020.3/staging' branch; Version is '2020.3.24f1 (79c78de19888) revision 7980941'; Using compiler version '192528614'; Build Type 'Release'
OS: 'Windows 10  (10.0.19044) 64bit CoreSingleLanguage' Language: 'ru' Physical Memory: 8117 MB
BatchMode: 1, IsHumanControllingUs: 0, StartBugReporterOnCrash: 0, Is64bit: 1, IsPro: 0

COMMAND LINE ARGUMENTS:
D:\Unity\2020.3.24f1\Editor\Unity.exe
-adb2
-batchMode
-noUpm
-name
AssetImportWorker0
-projectPath
D:/Unity Projects/5 m
-logFile
Logs/AssetImportWorker0.log
-srvPort
60454
Successfully changed project path to: D:/Unity Projects/5 m
D:/Unity Projects/5 m
Using Asset Import Pipeline V2.
Refreshing native plugins compatible for Editor in 28.45 ms, found 2 plugins.
Preloading 0 native plugins for Editor in 0.00 ms.
Initialize engine version: 2020.3.24f1 (79c78de19888)
[Subsystems] Discovering subsystems at path D:/Unity/2020.3.24f1/Editor/Data/Resources/UnitySubsystems
[Subsystems] Discovering subsystems at path D:/Unity Projects/5 m/Assets
GfxDevice: creating device client; threaded=0
Direct3D:
    Version:  Direct3D 11.0 [level 11.1]
    Renderer: NVIDIA GeForce GTX 1650 (ID=0x1f82)
    Vendor:   
    VRAM:     3962 MB
    Driver:   30.0.14.7280
Initialize mono
Mono path[0] = 'D:/Unity/2020.3.24f1/Editor/Data/Managed'
Mono path[1] = 'D:/Unity/2020.3.24f1/Editor/Data/MonoBleedingEdge/lib/mono/unityjit'
Mono config path = 'D:/Unity/2020.3.24f1/Editor/Data/MonoBleedingEdge/etc'
Using monoOptions --debugger-agent=transport=dt_socket,embedding=1,server=y,suspend=n,address=127.0.0.1:56048
Begin MonoManager ReloadAssembly
Registering precompiled unity dll's ...
Register platform support module: D:/Unity/2020.3.24f1/Editor/Data/PlaybackEngines/WindowsStandaloneSupport/UnityEditor.WindowsStandalone.Extensions.dll
Registered in 0.000831 seconds.
Native extension for WindowsStandalone target not found
Refreshing native plugins compatible for Editor in 29.61 ms, found 2 plugins.
Preloading 0 native plugins for Editor in 0.00 ms.
Mono: successfully reloaded assembly
- Completed reload, in  0.492 seconds
Domain Reload Profiling:
	ReloadAssembly (492ms)
		BeginReloadAssembly (43ms)
			ExecutionOrderSort (0ms)
			DisableScriptedObjects (0ms)
			BackupInstance (0ms)
			ReleaseScriptingObjects (0ms)
			CreateAndSetChildDomain (1ms)
		EndReloadAssembly (391ms)
			LoadAssemblies (42ms)
			RebuildTransferFunctionScriptingTraits (0ms)
			SetupTypeCache (132ms)
			ReleaseScriptCaches (0ms)
			RebuildScriptCaches (27ms)
			SetupLoadedEditorAssemblies (146ms)
				LogAssemblyErrors (0ms)
				InitializePlatformSupportModulesInManaged (4ms)
				SetLoadedEditorAssemblies (0ms)
				RefreshPlugins (30ms)
				BeforeProcessingInitializeOnLoad (15ms)
				ProcessInitializeOnLoadAttributes (71ms)
				ProcessInitializeOnLoadMethodAttributes (26ms)
				AfterProcessingInitializeOnLoad (0ms)
				EditorAssembliesLoaded (0ms)
			ExecutionOrderSort2 (0ms)
			AwakeInstancesAfterBackupRestoration (0ms)
Platform modules already initialized, skipping
Registering precompiled user dll's ...
Registered in 0.002178 seconds.
Begin MonoManager ReloadAssembly
Native extension for WindowsStandalone target not found
Refreshing native plugins compatible for Editor in 0.36 ms, found 2 plugins.
Preloading 0 native plugins for Editor in 0.00 ms.
Mono: successfully reloaded assembly
- Completed reload, in  0.856 seconds
Domain Reload Profiling:
	ReloadAssembly (857ms)
		BeginReloadAssembly (124ms)
			ExecutionOrderSort (0ms)
			DisableScriptedObjects (4ms)
			BackupInstance (0ms)
			ReleaseScriptingObjects (0ms)
			CreateAndSetChildDomain (16ms)
		EndReloadAssembly (683ms)
			LoadAssemblies (71ms)
			RebuildTransferFunctionScriptingTraits (0ms)
			SetupTypeCache (244ms)
			ReleaseScriptCaches (0ms)
			RebuildScriptCaches (36ms)
			SetupLoadedEditorAssemblies (254ms)
				LogAssemblyErrors (0ms)
				InitializePlatformSupportModulesInManaged (4ms)
				SetLoadedEditorAssemblies (0ms)
				RefreshPlugins (0ms)
				BeforeProcessingInitializeOnLoad (64ms)
				ProcessInitializeOnLoadAttributes (175ms)
				ProcessInitializeOnLoadMethodAttributes (8ms)
				AfterProcessingInitializeOnLoad (2ms)
				EditorAssembliesLoaded (0ms)
			ExecutionOrderSort2 (0ms)
			AwakeInstancesAfterBackupRestoration (5ms)
Platform modules already initialized, skipping
========================================================================
Worker process is ready to serve import requests
Launched and connected shader compiler UnityShaderCompiler.exe after 0.03 seconds
Refreshing native plugins compatible for Editor in 0.37 ms, found 2 plugins.
Preloading 0 native plugins for Editor in 0.00 ms.
Unloading 1501 Unused Serialized files (Serialized files now loaded: 0)
System memory in use before: 67.4 MB.
System memory in use after: 67.5 MB.

Unloading 19 unused Assets to reduce memory usage. Loaded Objects now: 1933.
Total: 3.607500 ms (FindLiveObjects: 0.281000 ms CreateObjectMapping: 0.083000 ms MarkObjects: 3.125300 ms  DeleteObjects: 0.116700 ms)

AssetImportParameters requested are different than current active one (requested -> active):
  custom:framework-win-MediaFoundation: 216162199b28c13a410421893ffa2e32 -> 
  custom:video-decoder-ogg-theora: a1e56fd34408186e4bbccfd4996cb3dc -> 
  custom:container-muxer-webm: aa71ff27fc2769a1b78a27578f13a17b -> 
  custom:container-demuxer-webm: 4f35f7cbe854078d1ac9338744f61a02 -> 
  custom:container-demuxer-ogg: 62fdf1f143b41e24485cea50d1cbac27 -> 
  custom:video-encoder-webm-vp8: eb34c28f22e8b96e1ab97ce403110664 -> 
  custom:video-decoder-webm-vp8: 9c59270c3fd7afecdb556c50c9e8de78 -> 
  custom:audio-decoder-ogg-vorbis: bf7c407c2cedff20999df2af8eb42d56 -> 
  custom:audio-encoder-webm-vorbis: bf7c407c2cedff20999df2af8eb42d56 -> 
========================================================================
Received Import Request.
  path: Assets/Low Poly Fruits
  artifactKey: Guid(71c3552ef9139d544a446fefa2798e8f) Importer(815301076,1909f56bfc062723c751e8b465ee728b)
Start importing Assets/Low Poly Fruits using Guid(71c3552ef9139d544a446fefa2798e8f) Importer(815301076,1909f56bfc062723c751e8b465ee728b)  -> (artifact id: '9845918125f87a039ab875213db9b5b1') in 0.004001 seconds 
  Import took 0.005963 seconds .

========================================================================
Received Import Request.
  Time since last request: 0.000272 seconds.
  path: Assets/Prefabs
  artifactKey: Guid(8a8ad88ff489b5e40a83272e3c1821e6) Importer(815301076,1909f56bfc062723c751e8b465ee728b)
Start importing Assets/Prefabs using Guid(8a8ad88ff489b5e40a83272e3c1821e6) Importer(815301076,1909f56bfc062723c751e8b465ee728b)  -> (artifact id: 'bf56b7c1d91b88a0b35725f379414c35') in 0.001248 seconds 
  Import took 0.003386 seconds .

========================================================================
Received Import Request.
  Time since last request: 0.000239 seconds.
  path: Assets/Low Poly Fruits/Fruits_FBX.fbx
  artifactKey: Guid(3f4d2118f6a772542a1635ef5bfa6982) Importer(815301076,1909f56bfc062723c751e8b465ee728b)
Start importing Assets/Low Poly Fruits/Fruits_FBX.fbx using Guid(3f4d2118f6a772542a1635ef5bfa6982) Importer(815301076,1909f56bfc062723c751e8b465ee728b)  -> (artifact id: '467f095ddd93832078f43ca74289a464') in 0.369865 seconds 
  Import took 0.372347 seconds .

========================================================================
Received Import Request.
  Time since last request: 0.313061 seconds.
  path: Assets/Low Poly Fruits/Materials
  artifactKey: Guid(6f78c213d4e3a254993460c3ca2bf8ce) Importer(815301076,1909f56bfc062723c751e8b465ee728b)
Start importing Assets/Low Poly Fruits/Materials using Guid(6f78c213d4e3a254993460c3ca2bf8ce) Importer(815301076,1909f56bfc062723c751e8b465ee728b)  -> (artifact id: '2c9fa663f304951749b65132ec17e15e') in 0.001280 seconds 
  Import took 0.003908 seconds .

========================================================================
Received Import Request.
  Time since last request: 1.787556 seconds.
  path: Assets/Low Poly Fruits/Prefabs
  artifactKey: Guid(2a0a0d1b87e1355408a16a42cc128fb2) Importer(815301076,1909f56bfc062723c751e8b465ee728b)
Start importing Assets/Low Poly Fruits/Prefabs using Guid(2a0a0d1b87e1355408a16a42cc128fb2) Importer(815301076,1909f56bfc062723c751e8b465ee728b)  -> (artifact id: '225768f12e44690c7e6caf7716d62d5d') in 0.001230 seconds 
  Import took 0.003421 seconds .

========================================================================
Received Import Request.
  Time since last request: 0.084246 seconds.
  path: Assets/Low Poly Fruits/Prefabs/apple.prefab
  artifactKey: Guid(426b44a7575f71e479fab4f4e8431989) Importer(815301076,1909f56bfc062723c751e8b465ee728b)
Start importing Assets/Low Poly Fruits/Prefabs/apple.prefab using Guid(426b44a7575f71e479fab4f4e8431989) Importer(815301076,1909f56bfc062723c751e8b465ee728b)  -> (artifact id: 'b6a56c06cc2c857eb594d617282fe6a8') in 0.010128 seconds 
  Import took 0.013030 seconds .

========================================================================
Received Import Request.
  Time since last request: 0.000266 seconds.
  path: Assets/Low Poly Fruits/Prefabs/peanut.prefab
  artifactKey: Guid(8c8c7d8f829a2d24ebe78eddb5eaff57) Importer(815301076,1909f56bfc062723c751e8b465ee728b)
Start importing Assets/Low Poly Fruits/Prefabs/peanut.prefab using Guid(8c8c7d8f829a2d24ebe78eddb5eaff57) Importer(815301076,1909f56bfc062723c751e8b465ee728b)  -> (artifact id: 'a03bd1abc67fa2032d2dd6ef1beb1396') in 0.015466 seconds 
  Import took 0.017919 seconds .

========================================================================
Received Import Request.
  Time since last request: 0.000231 seconds.
  path: Assets/Low Poly Fruits/Prefabs/peach.prefab
  artifactKey: Guid(4fe5a7bcbee1651418ea031a87ff53e4) Importer(815301076,1909f56bfc062723c751e8b465ee728b)
Start importing Assets/Low Poly Fruits/Prefabs/peach.prefab using Guid(4fe5a7bcbee1651418ea031a87ff53e4) Importer(815301076,1909f56bfc062723c751e8b465ee728b)  -> (artifact id: '6bdde7c7b8e2178bf48d00086e887b79') in 0.015416 seconds 
  Import took 0.017655 seconds .

========================================================================
Received Import Request.
  Time since last request: 0.000282 seconds.
  path: Assets/Low Poly Fruits/Prefabs/lemon.prefab
  artifactKey: Guid(031f4f4b1f7d8b7489da0919e18ceac3) Importer(815301076,1909f56bfc062723c751e8b465ee728b)
Start importing Assets/Low Poly Fruits/Prefabs/lemon.prefab using Guid(031f4f4b1f7d8b7489da0919e18ceac3) Importer(815301076,1909f56bfc062723c751e8b465ee728b)  -> (artifact id: '82c282bcf5cce051557e2fbc06c2bb2d') in 0.013766 seconds 
  Import took 0.015828 seconds .

========================================================================
Received Import Request.
  Time since last request: 0.000235 seconds.
  path: Assets/Low Poly Fruits/Prefabs/avocado.prefab
  artifactKey: Guid(2f2e54b9f3898eb46a0b47f9a4d4c52b) Importer(815301076,1909f56bfc062723c751e8b465ee728b)
Start importing Assets/Low Poly Fruits/Prefabs/avocado.prefab using Guid(2f2e54b9f3898eb46a0b47f9a4d4c52b) Importer(815301076,1909f56bfc062723c751e8b465ee728b)  -> (artifact id: 'a7ca8125c70dfa14d4d85ba75dafd3a5') in 0.022685 seconds 
  Import took 0.024781 seconds .

========================================================================
Received Import Request.
  Time since last request: 0.000281 seconds.
  path: Assets/Low Poly Fruits/Prefabs/watermelon.prefab
  artifactKey: Guid(573bb482e4baeec4386587db7cc07515) Importer(815301076,1909f56bfc062723c751e8b465ee728b)
Start importing Assets/Low Poly Fruits/Prefabs/watermelon.prefab using Guid(573bb482e4baeec4386587db7cc07515) Importer(815301076,1909f56bfc062723c751e8b465ee728b)  -> (artifact id: '357a75f7caafafb894dfaa442090fbd4') in 0.020633 seconds 
  Import took 0.023087 seconds .

========================================================================
Received Import Request.
  Time since last request: 0.000211 seconds.
  path: Assets/Low Poly Fruits/Prefabs/strawberry.prefab
  artifactKey: Guid(63e523ab5d9ce7348b431ae1d689a54d) Importer(815301076,1909f56bfc062723c751e8b465ee728b)
Start importing Assets/Low Poly Fruits/Prefabs/strawberry.prefab using Guid(63e523ab5d9ce7348b431ae1d689a54d) Importer(815301076,1909f56bfc062723c751e8b465ee728b)  -> (artifact id: 'f34912725f0dbf6beb52b2b33fb3a74e') in 0.014623 seconds 
  Import took 0.016905 seconds .

========================================================================
Received Import Request.
  Time since last request: 0.000230 seconds.
  path: Assets/Low Poly Fruits/Prefabs/banana.prefab
  artifactKey: Guid(3ce32ffa6ccf60e4ab65d9e396f43433) Importer(815301076,1909f56bfc062723c751e8b465ee728b)
Start importing Assets/Low Poly Fruits/Prefabs/banana.prefab using Guid(3ce32ffa6ccf60e4ab65d9e396f43433) Importer(815301076,1909f56bfc062723c751e8b465ee728b)  -> (artifact id: 'e5753fa908596e6917afee51e7b6c478') in 0.015312 seconds 
  Import took 0.017445 seconds .

========================================================================
Received Import Request.
  Time since last request: 0.000258 seconds.
  path: Assets/Low Poly Fruits/Prefabs/cherries.prefab
  artifactKey: Guid(8f38e57a49b1c844081ad6bb3c553f13) Importer(815301076,1909f56bfc062723c751e8b465ee728b)
Start importing Assets/Low Poly Fruits/Prefabs/cherries.prefab using Guid(8f38e57a49b1c844081ad6bb3c553f13) Importer(815301076,1909f56bfc062723c751e8b465ee728b)  -> (artifact id: 'e74f2f6a535ef05c536745703526dbef') in 0.014247 seconds 
  Import took 0.016447 seconds .

========================================================================
Received Import Request.
  Time since last request: 0.000253 seconds.
  path: Assets/Low Poly Fruits/Prefabs/pear.prefab
  artifactKey: Guid(0f3575c567ebe8241a4a6ad511fd7017) Importer(815301076,1909f56bfc062723c751e8b465ee728b)
Start importing Assets/Low Poly Fruits/Prefabs/pear.prefab using Guid(0f3575c567ebe8241a4a6ad511fd7017) Importer(815301076,1909f56bfc062723c751e8b465ee728b)  -> (artifact id: '8d415538e464b74e9301575b072d2068') in 0.014115 seconds 
  Import took 0.016076 seconds .

========================================================================
Received Import Request.
  Time since last request: 30.472743 seconds.
  path: Assets/Prefabs/apple.prefab
  artifactKey: Guid(426b44a7575f71e479fab4f4e8431989) Importer(815301076,1909f56bfc062723c751e8b465ee728b)
Start importing Assets/Prefabs/apple.prefab using Guid(426b44a7575f71e479fab4f4e8431989) Importer(815301076,1909f56bfc062723c751e8b465ee728b)  -> (artifact id: '656f7aca2b96ea77f92fa332d27c493b') in 0.031131 seconds 
  Import took 0.033391 seconds .

========================================================================
Received Import Request.
  Time since last request: 0.000241 seconds.
  path: Assets/Prefabs/peach.prefab
  artifactKey: Guid(4fe5a7bcbee1651418ea031a87ff53e4) Importer(815301076,1909f56bfc062723c751e8b465ee728b)
Start importing Assets/Prefabs/peach.prefab using Guid(4fe5a7bcbee1651418ea031a87ff53e4) Importer(815301076,1909f56bfc062723c751e8b465ee728b)  -> (artifact id: 'c536c5454c6020f30d13505ddfa55e64') in 0.008458 seconds 
  Import took 0.010833 seconds .

========================================================================
Received Import Request.
  Time since last request: 0.000177 seconds.
  path: Assets/Prefabs/avocado.prefab
  artifactKey: Guid(2f2e54b9f3898eb46a0b47f9a4d4c52b) Importer(815301076,1909f56bfc062723c751e8b465ee728b)
Start importing Assets/Prefabs/avocado.prefab using Guid(2f2e54b9f3898eb46a0b47f9a4d4c52b) Importer(815301076,1909f56bfc062723c751e8b465ee728b)  -> (artifact id: 'beeaba312f124e75b7ccb39d3349231b') in 0.007479 seconds 
  Import took 0.009675 seconds .

========================================================================
Received Import Request.
  Time since last request: 5.228671 seconds.
  path: Assets/Prefabs/apple.prefab
  artifactKey: Guid(426b44a7575f71e479fab4f4e8431989) Importer(815301076,1909f56bfc062723c751e8b465ee728b)
Start importing Assets/Prefabs/apple.prefab using Guid(426b44a7575f71e479fab4f4e8431989) Importer(815301076,1909f56bfc062723c751e8b465ee728b)  -> (artifact id: '3769dbed9004c9fade8877de4844dfee') in 0.030246 seconds 
  Import took 0.032593 seconds .

========================================================================
Received Import Request.
  Time since last request: 0.000190 seconds.
  path: Assets/Prefabs/peach.prefab
  artifactKey: Guid(4fe5a7bcbee1651418ea031a87ff53e4) Importer(815301076,1909f56bfc062723c751e8b465ee728b)
Start importing Assets/Prefabs/peach.prefab using Guid(4fe5a7bcbee1651418ea031a87ff53e4) Importer(815301076,1909f56bfc062723c751e8b465ee728b)  -> (artifact id: '18a409d7dc80d3b9b7e6125e27e5e815') in 0.024452 seconds 
  Import took 0.026485 seconds .

========================================================================
Received Import Request.
  Time since last request: 0.000194 seconds.
  path: Assets/Prefabs/avocado.prefab
  artifactKey: Guid(2f2e54b9f3898eb46a0b47f9a4d4c52b) Importer(815301076,1909f56bfc062723c751e8b465ee728b)
Start importing Assets/Prefabs/avocado.prefab using Guid(2f2e54b9f3898eb46a0b47f9a4d4c52b) Importer(815301076,1909f56bfc062723c751e8b465ee728b)  -> (artifact id: '7e60fe799edde982e197942ef299c166') in 0.006602 seconds 
  Import took 0.008633 seconds .

========================================================================
Received Import Request.
  Time since last request: 22.899407 seconds.
  path: Assets/Scripts
  artifactKey: Guid(0df10a5b36ae4e349804648d2dd775f4) Importer(815301076,1909f56bfc062723c751e8b465ee728b)
Start importing Assets/Scripts using Guid(0df10a5b36ae4e349804648d2dd775f4) Importer(815301076,1909f56bfc062723c751e8b465ee728b)  -> (artifact id: 'baae8d9f5818c0341e4201f7f75a202c') in 0.001409 seconds 
  Import took 0.004021 seconds .

========================================================================
Received Import Request.
  Time since last request: 8.662565 seconds.
  path: Assets/Scripts/GameManager.cs
  artifactKey: Guid(55db31b1b417058429628af245fc3388) Importer(815301076,1909f56bfc062723c751e8b465ee728b)
Start importing Assets/Scripts/GameManager.cs using Guid(55db31b1b417058429628af245fc3388) Importer(815301076,1909f56bfc062723c751e8b465ee728b)  -> (artifact id: 'ce8e08fab826dab40793553af8dbdb8b') in 0.004924 seconds 
  Import took 0.007345 seconds .

========================================================================
Received Prepare
Registering precompiled user dll's ...
Registered in 0.001975 seconds.
Begin MonoManager ReloadAssembly
Native extension for WindowsStandalone target not found
Refreshing native plugins compatible for Editor in 0.38 ms, found 2 plugins.
Preloading 0 native plugins for Editor in 0.00 ms.
Mono: successfully reloaded assembly
- Completed reload, in  0.830 seconds
Domain Reload Profiling:
	ReloadAssembly (830ms)
		BeginReloadAssembly (89ms)
			ExecutionOrderSort (0ms)
			DisableScriptedObjects (4ms)
			BackupInstance (0ms)
			ReleaseScriptingObjects (0ms)
			CreateAndSetChildDomain (28ms)
		EndReloadAssembly (693ms)
			LoadAssemblies (70ms)
			RebuildTransferFunctionScriptingTraits (0ms)
			SetupTypeCache (252ms)
			ReleaseScriptCaches (1ms)
			RebuildScriptCaches (33ms)
			SetupLoadedEditorAssemblies (248ms)
				LogAssemblyErrors (0ms)
				InitializePlatformSupportModulesInManaged (4ms)
				SetLoadedEditorAssemblies (0ms)
				RefreshPlugins (0ms)
				BeforeProcessingInitializeOnLoad (60ms)
				ProcessInitializeOnLoadAttributes (174ms)
				ProcessInitializeOnLoadMethodAttributes (8ms)
				AfterProcessingInitializeOnLoad (2ms)
				EditorAssembliesLoaded (0ms)
			ExecutionOrderSort2 (0ms)
			AwakeInstancesAfterBackupRestoration (6ms)
Platform modules already initialized, skipping
Refreshing native plugins compatible for Editor in 0.34 ms, found 2 plugins.
Preloading 0 native plugins for Editor in 0.00 ms.
Unloading 1496 Unused Serialized files (Serialized files now loaded: 0)
System memory in use before: 70.7 MB.
System memory in use after: 70.8 MB.

Unloading 14 unused Assets to reduce memory usage. Loaded Objects now: 1947.
Total: 3.115200 ms (FindLiveObjects: 0.169800 ms CreateObjectMapping: 0.045000 ms MarkObjects: 2.880600 ms  DeleteObjects: 0.018700 ms)

AssetImportParameters requested are different than current active one (requested -> active):
  custom:framework-win-MediaFoundation: 216162199b28c13a410421893ffa2e32 -> 
  custom:video-decoder-ogg-theora: a1e56fd34408186e4bbccfd4996cb3dc -> 
  custom:container-muxer-webm: aa71ff27fc2769a1b78a27578f13a17b -> 
  custom:container-demuxer-webm: 4f35f7cbe854078d1ac9338744f61a02 -> 
  custom:container-demuxer-ogg: 62fdf1f143b41e24485cea50d1cbac27 -> 
  custom:video-encoder-webm-vp8: eb34c28f22e8b96e1ab97ce403110664 -> 
  custom:video-decoder-webm-vp8: 9c59270c3fd7afecdb556c50c9e8de78 -> 
  custom:audio-decoder-ogg-vorbis: bf7c407c2cedff20999df2af8eb42d56 -> 
  custom:audio-encoder-webm-vorbis: bf7c407c2cedff20999df2af8eb42d56 -> 
========================================================================
Received Import Request.
  Time since last request: 106.458509 seconds.
  path: Assets/Scripts/GameManager.cs
  artifactKey: Guid(55db31b1b417058429628af245fc3388) Importer(815301076,1909f56bfc062723c751e8b465ee728b)
Start importing Assets/Scripts/GameManager.cs using Guid(55db31b1b417058429628af245fc3388) Importer(815301076,1909f56bfc062723c751e8b465ee728b)  -> (artifact id: '74e8cb69e76df672ce9aaeb096bd749c') in 0.004793 seconds 
  Import took 0.007869 seconds .

========================================================================
Received Prepare
Registering precompiled user dll's ...
Registered in 0.004054 seconds.
Begin MonoManager ReloadAssembly
Native extension for WindowsStandalone target not found
Refreshing native plugins compatible for Editor in 0.31 ms, found 2 plugins.
Preloading 0 native plugins for Editor in 0.00 ms.
Mono: successfully reloaded assembly
- Completed reload, in  0.809 seconds
Domain Reload Profiling:
	ReloadAssembly (809ms)
		BeginReloadAssembly (100ms)
			ExecutionOrderSort (0ms)
			DisableScriptedObjects (4ms)
			BackupInstance (0ms)
			ReleaseScriptingObjects (0ms)
			CreateAndSetChildDomain (28ms)
		EndReloadAssembly (659ms)
			LoadAssemblies (71ms)
			RebuildTransferFunctionScriptingTraits (0ms)
			SetupTypeCache (237ms)
			ReleaseScriptCaches (1ms)
			RebuildScriptCaches (32ms)
			SetupLoadedEditorAssemblies (235ms)
				LogAssemblyErrors (0ms)
				InitializePlatformSupportModulesInManaged (4ms)
				SetLoadedEditorAssemblies (0ms)
				RefreshPlugins (0ms)
				BeforeProcessingInitializeOnLoad (59ms)
				ProcessInitializeOnLoadAttributes (162ms)
				ProcessInitializeOnLoadMethodAttributes (8ms)
				AfterProcessingInitializeOnLoad (2ms)
				EditorAssembliesLoaded (0ms)
			ExecutionOrderSort2 (0ms)
			AwakeInstancesAfterBackupRestoration (6ms)
Platform modules already initialized, skipping
Refreshing native plugins compatible for Editor in 0.53 ms, found 2 plugins.
Preloading 0 native plugins for Editor in 0.00 ms.
Unloading 1496 Unused Serialized files (Serialized files now loaded: 0)
System memory in use before: 70.8 MB.
System memory in use after: 70.9 MB.

Unloading 14 unused Assets to reduce memory usage. Loaded Objects now: 1949.
Total: 2.604200 ms (FindLiveObjects: 0.200100 ms CreateObjectMapping: 0.050300 ms MarkObjects: 2.338100 ms  DeleteObjects: 0.014700 ms)

AssetImportParameters requested are different than current active one (requested -> active):
  custom:framework-win-MediaFoundation: 216162199b28c13a410421893ffa2e32 -> 
  custom:video-decoder-ogg-theora: a1e56fd34408186e4bbccfd4996cb3dc -> 
  custom:container-muxer-webm: aa71ff27fc2769a1b78a27578f13a17b -> 
  custom:container-demuxer-webm: 4f35f7cbe854078d1ac9338744f61a02 -> 
  custom:container-demuxer-ogg: 62fdf1f143b41e24485cea50d1cbac27 -> 
  custom:video-encoder-webm-vp8: eb34c28f22e8b96e1ab97ce403110664 -> 
  custom:video-decoder-webm-vp8: 9c59270c3fd7afecdb556c50c9e8de78 -> 
  custom:audio-decoder-ogg-vorbis: bf7c407c2cedff20999df2af8eb42d56 -> 
  custom:audio-encoder-webm-vorbis: bf7c407c2cedff20999df2af8eb42d56 -> 
========================================================================
Received Import Request.
  Time since last request: 16.215200 seconds.
  path: Assets/Scripts/FruitBehaviour.cs
  artifactKey: Guid(bcbe01691ebe47749afbf3b2320aa764) Importer(815301076,1909f56bfc062723c751e8b465ee728b)
Start importing Assets/Scripts/FruitBehaviour.cs using Guid(bcbe01691ebe47749afbf3b2320aa764) Importer(815301076,1909f56bfc062723c751e8b465ee728b)  -> (artifact id: 'f6fbe6f5b5955860162421e0a009b529') in 0.003898 seconds 
  Import took 0.006579 seconds .

========================================================================
Received Prepare
Registering precompiled user dll's ...
Registered in 0.002176 seconds.
Begin MonoManager ReloadAssembly
Native extension for WindowsStandalone target not found
Refreshing native plugins compatible for Editor in 0.34 ms, found 2 plugins.
Preloading 0 native plugins for Editor in 0.00 ms.
Mono: successfully reloaded assembly
- Completed reload, in  0.868 seconds
Domain Reload Profiling:
	ReloadAssembly (868ms)
		BeginReloadAssembly (95ms)
			ExecutionOrderSort (0ms)
			DisableScriptedObjects (4ms)
			BackupInstance (0ms)
			ReleaseScriptingObjects (0ms)
			CreateAndSetChildDomain (31ms)
		EndReloadAssembly (719ms)
			LoadAssemblies (84ms)
			RebuildTransferFunctionScriptingTraits (0ms)
			SetupTypeCache (258ms)
			ReleaseScriptCaches (1ms)
			RebuildScriptCaches (33ms)
			SetupLoadedEditorAssemblies (255ms)
				LogAssemblyErrors (0ms)
				InitializePlatformSupportModulesInManaged (4ms)
				SetLoadedEditorAssemblies (0ms)
				RefreshPlugins (0ms)
				BeforeProcessingInitializeOnLoad (66ms)
				ProcessInitializeOnLoadAttributes (175ms)
				ProcessInitializeOnLoadMethodAttributes (8ms)
				AfterProcessingInitializeOnLoad (2ms)
				EditorAssembliesLoaded (0ms)
			ExecutionOrderSort2 (0ms)
			AwakeInstancesAfterBackupRestoration (6ms)
Platform modules already initialized, skipping
Refreshing native plugins compatible for Editor in 0.92 ms, found 2 plugins.
Preloading 0 native plugins for Editor in 0.00 ms.
Unloading 1497 Unused Serialized files (Serialized files now loaded: 0)
System memory in use before: 70.8 MB.
System memory in use after: 70.9 MB.

Unloading 14 unused Assets to reduce memory usage. Loaded Objects now: 1952.
Total: 2.604300 ms (FindLiveObjects: 0.165300 ms CreateObjectMapping: 0.042600 ms MarkObjects: 2.379100 ms  DeleteObjects: 0.016500 ms)

AssetImportParameters requested are different than current active one (requested -> active):
  custom:framework-win-MediaFoundation: 216162199b28c13a410421893ffa2e32 -> 
  custom:video-decoder-ogg-theora: a1e56fd34408186e4bbccfd4996cb3dc -> 
  custom:container-muxer-webm: aa71ff27fc2769a1b78a27578f13a17b -> 
  custom:container-demuxer-webm: 4f35f7cbe854078d1ac9338744f61a02 -> 
  custom:container-demuxer-ogg: 62fdf1f143b41e24485cea50d1cbac27 -> 
  custom:video-encoder-webm-vp8: eb34c28f22e8b96e1ab97ce403110664 -> 
  custom:video-decoder-webm-vp8: 9c59270c3fd7afecdb556c50c9e8de78 -> 
  custom:audio-decoder-ogg-vorbis: bf7c407c2cedff20999df2af8eb42d56 -> 
  custom:audio-encoder-webm-vorbis: bf7c407c2cedff20999df2af8eb42d56 -> 
========================================================================
Received Prepare
Registering precompiled user dll's ...
Registered in 0.004104 seconds.
Begin MonoManager ReloadAssembly
Native extension for WindowsStandalone target not found
Refreshing native plugins compatible for Editor in 0.39 ms, found 2 plugins.
Preloading 0 native plugins for Editor in 0.00 ms.
Mono: successfully reloaded assembly
- Completed reload, in  0.804 seconds
Domain Reload Profiling:
	ReloadAssembly (804ms)
		BeginReloadAssembly (95ms)
			ExecutionOrderSort (0ms)
			DisableScriptedObjects (4ms)
			BackupInstance (0ms)
			ReleaseScriptingObjects (0ms)
			CreateAndSetChildDomain (27ms)
		EndReloadAssembly (660ms)
			LoadAssemblies (71ms)
			RebuildTransferFunctionScriptingTraits (0ms)
			SetupTypeCache (240ms)
			ReleaseScriptCaches (1ms)
			RebuildScriptCaches (33ms)
			SetupLoadedEditorAssemblies (233ms)
				LogAssemblyErrors (0ms)
				InitializePlatformSupportModulesInManaged (4ms)
				SetLoadedEditorAssemblies (0ms)
				RefreshPlugins (0ms)
				BeforeProcessingInitializeOnLoad (58ms)
				ProcessInitializeOnLoadAttributes (161ms)
				ProcessInitializeOnLoadMethodAttributes (7ms)
				AfterProcessingInitializeOnLoad (2ms)
				EditorAssembliesLoaded (0ms)
			ExecutionOrderSort2 (0ms)
			AwakeInstancesAfterBackupRestoration (6ms)
Platform modules already initialized, skipping
Refreshing native plugins compatible for Editor in 0.35 ms, found 2 plugins.
Preloading 0 native plugins for Editor in 0.00 ms.
Unloading 1497 Unused Serialized files (Serialized files now loaded: 0)
System memory in use before: 70.8 MB.
System memory in use after: 70.9 MB.

Unloading 14 unused Assets to reduce memory usage. Loaded Objects now: 1954.
Total: 2.786000 ms (FindLiveObjects: 0.218100 ms CreateObjectMapping: 0.061000 ms MarkObjects: 2.487700 ms  DeleteObjects: 0.017800 ms)

AssetImportParameters requested are different than current active one (requested -> active):
  custom:framework-win-MediaFoundation: 216162199b28c13a410421893ffa2e32 -> 
  custom:video-decoder-ogg-theora: a1e56fd34408186e4bbccfd4996cb3dc -> 
  custom:container-muxer-webm: aa71ff27fc2769a1b78a27578f13a17b -> 
  custom:container-demuxer-webm: 4f35f7cbe854078d1ac9338744f61a02 -> 
  custom:container-demuxer-ogg: 62fdf1f143b41e24485cea50d1cbac27 -> 
  custom:video-encoder-webm-vp8: eb34c28f22e8b96e1ab97ce403110664 -> 
  custom:video-decoder-webm-vp8: 9c59270c3fd7afecdb556c50c9e8de78 -> 
  custom:audio-decoder-ogg-vorbis: bf7c407c2cedff20999df2af8eb42d56 -> 
  custom:audio-encoder-webm-vorbis: bf7c407c2cedff20999df2af8eb42d56 -> 
========================================================================
Received Prepare
Registering precompiled user dll's ...
Registered in 0.002037 seconds.
Begin MonoManager ReloadAssembly
Native extension for WindowsStandalone target not found
Refreshing native plugins compatible for Editor in 0.32 ms, found 2 plugins.
Preloading 0 native plugins for Editor in 0.00 ms.
Mono: successfully reloaded assembly
- Completed reload, in  0.798 seconds
Domain Reload Profiling:
	ReloadAssembly (799ms)
		BeginReloadAssembly (86ms)
			ExecutionOrderSort (0ms)
			DisableScriptedObjects (4ms)
			BackupInstance (0ms)
			ReleaseScriptingObjects (0ms)
			CreateAndSetChildDomain (25ms)
		EndReloadAssembly (664ms)
			LoadAssemblies (69ms)
			RebuildTransferFunctionScriptingTraits (0ms)
			SetupTypeCache (248ms)
			ReleaseScriptCaches (1ms)
			RebuildScriptCaches (32ms)
			SetupLoadedEditorAssemblies (232ms)
				LogAssemblyErrors (0ms)
				InitializePlatformSupportModulesInManaged (4ms)
				SetLoadedEditorAssemblies (0ms)
				RefreshPlugins (0ms)
				BeforeProcessingInitializeOnLoad (57ms)
				ProcessInitializeOnLoadAttributes (160ms)
				ProcessInitializeOnLoadMethodAttributes (7ms)
				AfterProcessingInitializeOnLoad (2ms)
				EditorAssembliesLoaded (0ms)
			ExecutionOrderSort2 (0ms)
			AwakeInstancesAfterBackupRestoration (6ms)
Platform modules already initialized, skipping
Refreshing native plugins compatible for Editor in 0.46 ms, found 2 plugins.
Preloading 0 native plugins for Editor in 0.00 ms.
Unloading 1497 Unused Serialized files (Serialized files now loaded: 0)
System memory in use before: 70.8 MB.
System memory in use after: 70.9 MB.

Unloading 14 unused Assets to reduce memory usage. Loaded Objects now: 1956.
Total: 4.333100 ms (FindLiveObjects: 0.313200 ms CreateObjectMapping: 0.118800 ms MarkObjects: 3.871100 ms  DeleteObjects: 0.027700 ms)

AssetImportParameters requested are different than current active one (requested -> active):
  custom:framework-win-MediaFoundation: 216162199b28c13a410421893ffa2e32 -> 
  custom:video-decoder-ogg-theora: a1e56fd34408186e4bbccfd4996cb3dc -> 
  custom:container-muxer-webm: aa71ff27fc2769a1b78a27578f13a17b -> 
  custom:container-demuxer-webm: 4f35f7cbe854078d1ac9338744f61a02 -> 
  custom:container-demuxer-ogg: 62fdf1f143b41e24485cea50d1cbac27 -> 
  custom:video-encoder-webm-vp8: eb34c28f22e8b96e1ab97ce403110664 -> 
  custom:video-decoder-webm-vp8: 9c59270c3fd7afecdb556c50c9e8de78 -> 
  custom:audio-decoder-ogg-vorbis: bf7c407c2cedff20999df2af8eb42d56 -> 
  custom:audio-encoder-webm-vorbis: bf7c407c2cedff20999df2af8eb42d56 -> 
========================================================================
Received Prepare
Registering precompiled user dll's ...
Registered in 0.002140 seconds.
Begin MonoManager ReloadAssembly
Native extension for WindowsStandalone target not found
Refreshing native plugins compatible for Editor in 0.34 ms, found 2 plugins.
Preloading 0 native plugins for Editor in 0.00 ms.
Mono: successfully reloaded assembly
- Completed reload, in  0.802 seconds
Domain Reload Profiling:
	ReloadAssembly (802ms)
		BeginReloadAssembly (96ms)
			ExecutionOrderSort (0ms)
			DisableScriptedObjects (4ms)
			BackupInstance (0ms)
			ReleaseScriptingObjects (0ms)
			CreateAndSetChildDomain (25ms)
		EndReloadAssembly (657ms)
			LoadAssemblies (70ms)
			RebuildTransferFunctionScriptingTraits (0ms)
			SetupTypeCache (239ms)
			ReleaseScriptCaches (1ms)
			RebuildScriptCaches (33ms)
			SetupLoadedEditorAssemblies (232ms)
				LogAssemblyErrors (0ms)
				InitializePlatformSupportModulesInManaged (4ms)
				SetLoadedEditorAssemblies (0ms)
				RefreshPlugins (0ms)
				BeforeProcessingInitializeOnLoad (59ms)
				ProcessInitializeOnLoadAttributes (159ms)
				ProcessInitializeOnLoadMethodAttributes (7ms)
				AfterProcessingInitializeOnLoad (2ms)
				EditorAssembliesLoaded (0ms)
			ExecutionOrderSort2 (0ms)
			AwakeInstancesAfterBackupRestoration (6ms)
Platform modules already initialized, skipping
Refreshing native plugins compatible for Editor in 0.68 ms, found 2 plugins.
Preloading 0 native plugins for Editor in 0.00 ms.
Unloading 1497 Unused Serialized files (Serialized files now loaded: 0)
System memory in use before: 70.8 MB.
System memory in use after: 70.9 MB.

Unloading 14 unused Assets to reduce memory usage. Loaded Objects now: 1958.
Total: 2.796400 ms (FindLiveObjects: 0.343600 ms CreateObjectMapping: 0.098200 ms MarkObjects: 2.334300 ms  DeleteObjects: 0.019200 ms)

AssetImportParameters requested are different than current active one (requested -> active):
  custom:framework-win-MediaFoundation: 216162199b28c13a410421893ffa2e32 -> 
  custom:video-decoder-ogg-theora: a1e56fd34408186e4bbccfd4996cb3dc -> 
  custom:container-muxer-webm: aa71ff27fc2769a1b78a27578f13a17b -> 
  custom:container-demuxer-webm: 4f35f7cbe854078d1ac9338744f61a02 -> 
  custom:container-demuxer-ogg: 62fdf1f143b41e24485cea50d1cbac27 -> 
  custom:video-encoder-webm-vp8: eb34c28f22e8b96e1ab97ce403110664 -> 
  custom:video-decoder-webm-vp8: 9c59270c3fd7afecdb556c50c9e8de78 -> 
  custom:audio-decoder-ogg-vorbis: bf7c407c2cedff20999df2af8eb42d56 -> 
  custom:audio-encoder-webm-vorbis: bf7c407c2cedff20999df2af8eb42d56 -> 
========================================================================
Received Import Request.
  Time since last request: 406.020720 seconds.
  path: Assets/Prefabs/peach.prefab
  artifactKey: Guid(4fe5a7bcbee1651418ea031a87ff53e4) Importer(815301076,1909f56bfc062723c751e8b465ee728b)
Start importing Assets/Prefabs/peach.prefab using Guid(4fe5a7bcbee1651418ea031a87ff53e4) Importer(815301076,1909f56bfc062723c751e8b465ee728b)  -> (artifact id: 'b671034268cff923757f5ad8bdd4a00f') in 0.050708 seconds 
  Import took 0.053438 seconds .

========================================================================
Received Import Request.
  Time since last request: 0.000176 seconds.
  path: Assets/Prefabs/lemon.prefab
  artifactKey: Guid(031f4f4b1f7d8b7489da0919e18ceac3) Importer(815301076,1909f56bfc062723c751e8b465ee728b)
Start importing Assets/Prefabs/lemon.prefab using Guid(031f4f4b1f7d8b7489da0919e18ceac3) Importer(815301076,1909f56bfc062723c751e8b465ee728b)  -> (artifact id: 'c1a41388f05778573ffb04297356899c') in 0.007430 seconds 
  Import took 0.009865 seconds .

========================================================================
Received Import Request.
  Time since last request: 0.000165 seconds.
  path: Assets/Prefabs/apple.prefab
  artifactKey: Guid(426b44a7575f71e479fab4f4e8431989) Importer(815301076,1909f56bfc062723c751e8b465ee728b)
Start importing Assets/Prefabs/apple.prefab using Guid(426b44a7575f71e479fab4f4e8431989) Importer(815301076,1909f56bfc062723c751e8b465ee728b)  -> (artifact id: '9d59f1d73e5844f5fae37b5bfa159262') in 0.007585 seconds 
  Import took 0.010320 seconds .

========================================================================
Received Import Request.
  Time since last request: 0.000150 seconds.
  path: Assets/Prefabs/avocado.prefab
  artifactKey: Guid(2f2e54b9f3898eb46a0b47f9a4d4c52b) Importer(815301076,1909f56bfc062723c751e8b465ee728b)
Start importing Assets/Prefabs/avocado.prefab using Guid(2f2e54b9f3898eb46a0b47f9a4d4c52b) Importer(815301076,1909f56bfc062723c751e8b465ee728b)  -> (artifact id: 'f15082aa4ebdb5cd0def059e37b28571') in 0.024064 seconds 
  Import took 0.026195 seconds .

========================================================================
Received Prepare
Registering precompiled user dll's ...
Registered in 0.002188 seconds.
Begin MonoManager ReloadAssembly
Native extension for WindowsStandalone target not found
Refreshing native plugins compatible for Editor in 0.33 ms, found 2 plugins.
Preloading 0 native plugins for Editor in 0.00 ms.
Mono: successfully reloaded assembly
- Completed reload, in  0.800 seconds
Domain Reload Profiling:
	ReloadAssembly (800ms)
		BeginReloadAssembly (89ms)
			ExecutionOrderSort (0ms)
			DisableScriptedObjects (4ms)
			BackupInstance (0ms)
			ReleaseScriptingObjects (0ms)
			CreateAndSetChildDomain (26ms)
		EndReloadAssembly (663ms)
			LoadAssemblies (71ms)
			RebuildTransferFunctionScriptingTraits (0ms)
			SetupTypeCache (243ms)
			ReleaseScriptCaches (1ms)
			RebuildScriptCaches (33ms)
			SetupLoadedEditorAssemblies (232ms)
				LogAssemblyErrors (0ms)
				InitializePlatformSupportModulesInManaged (4ms)
				SetLoadedEditorAssemblies (0ms)
				RefreshPlugins (0ms)
				BeforeProcessingInitializeOnLoad (58ms)
				ProcessInitializeOnLoadAttributes (161ms)
				ProcessInitializeOnLoadMethodAttributes (7ms)
				AfterProcessingInitializeOnLoad (2ms)
				EditorAssembliesLoaded (0ms)
			ExecutionOrderSort2 (0ms)
			AwakeInstancesAfterBackupRestoration (6ms)
Platform modules already initialized, skipping
Refreshing native plugins compatible for Editor in 0.34 ms, found 2 plugins.
Preloading 0 native plugins for Editor in 0.00 ms.
Unloading 1497 Unused Serialized files (Serialized files now loaded: 0)
System memory in use before: 70.9 MB.
System memory in use after: 71.0 MB.

Unloading 14 unused Assets to reduce memory usage. Loaded Objects now: 1961.
Total: 2.618000 ms (FindLiveObjects: 0.168700 ms CreateObjectMapping: 0.042500 ms MarkObjects: 2.387300 ms  DeleteObjects: 0.018800 ms)

AssetImportParameters requested are different than current active one (requested -> active):
  custom:framework-win-MediaFoundation: 216162199b28c13a410421893ffa2e32 -> 
  custom:video-decoder-ogg-theora: a1e56fd34408186e4bbccfd4996cb3dc -> 
  custom:container-muxer-webm: aa71ff27fc2769a1b78a27578f13a17b -> 
  custom:container-demuxer-webm: 4f35f7cbe854078d1ac9338744f61a02 -> 
  custom:container-demuxer-ogg: 62fdf1f143b41e24485cea50d1cbac27 -> 
  custom:video-encoder-webm-vp8: eb34c28f22e8b96e1ab97ce403110664 -> 
  custom:video-decoder-webm-vp8: 9c59270c3fd7afecdb556c50c9e8de78 -> 
  custom:audio-decoder-ogg-vorbis: bf7c407c2cedff20999df2af8eb42d56 -> 
  custom:audio-encoder-webm-vorbis: bf7c407c2cedff20999df2af8eb42d56 -> 
========================================================================
Received Prepare
Registering precompiled user dll's ...
Registered in 0.002024 seconds.
Begin MonoManager ReloadAssembly
Native extension for WindowsStandalone target not found
Refreshing native plugins compatible for Editor in 0.32 ms, found 2 plugins.
Preloading 0 native plugins for Editor in 0.00 ms.
Mono: successfully reloaded assembly
- Completed reload, in  0.834 seconds
Domain Reload Profiling:
	ReloadAssembly (835ms)
		BeginReloadAssembly (98ms)
			ExecutionOrderSort (0ms)
			DisableScriptedObjects (4ms)
			BackupInstance (0ms)
			ReleaseScriptingObjects (0ms)
			CreateAndSetChildDomain (28ms)
		EndReloadAssembly (684ms)
			LoadAssemblies (74ms)
			RebuildTransferFunctionScriptingTraits (0ms)
			SetupTypeCache (249ms)
			ReleaseScriptCaches (1ms)
			RebuildScriptCaches (34ms)
			SetupLoadedEditorAssemblies (243ms)
				LogAssemblyErrors (0ms)
				InitializePlatformSupportModulesInManaged (4ms)
				SetLoadedEditorAssemblies (0ms)
				RefreshPlugins (0ms)
				BeforeProcessingInitializeOnLoad (60ms)
				ProcessInitializeOnLoadAttributes (169ms)
				ProcessInitializeOnLoadMethodAttributes (8ms)
				AfterProcessingInitializeOnLoad (2ms)
				EditorAssembliesLoaded (0ms)
			ExecutionOrderSort2 (0ms)
			AwakeInstancesAfterBackupRestoration (6ms)
Platform modules already initialized, skipping
Refreshing native plugins compatible for Editor in 0.51 ms, found 2 plugins.
Preloading 0 native plugins for Editor in 0.00 ms.
Unloading 1497 Unused Serialized files (Serialized files now loaded: 0)
System memory in use before: 70.9 MB.
System memory in use after: 71.0 MB.

Unloading 14 unused Assets to reduce memory usage. Loaded Objects now: 1963.
Total: 2.699100 ms (FindLiveObjects: 0.216800 ms CreateObjectMapping: 0.049500 ms MarkObjects: 2.413900 ms  DeleteObjects: 0.018000 ms)

AssetImportParameters requested are different than current active one (requested -> active):
  custom:framework-win-MediaFoundation: 216162199b28c13a410421893ffa2e32 -> 
  custom:video-decoder-ogg-theora: a1e56fd34408186e4bbccfd4996cb3dc -> 
  custom:container-muxer-webm: aa71ff27fc2769a1b78a27578f13a17b -> 
  custom:container-demuxer-webm: 4f35f7cbe854078d1ac9338744f61a02 -> 
  custom:container-demuxer-ogg: 62fdf1f143b41e24485cea50d1cbac27 -> 
  custom:video-encoder-webm-vp8: eb34c28f22e8b96e1ab97ce403110664 -> 
  custom:video-decoder-webm-vp8: 9c59270c3fd7afecdb556c50c9e8de78 -> 
  custom:audio-decoder-ogg-vorbis: bf7c407c2cedff20999df2af8eb42d56 -> 
  custom:audio-encoder-webm-vorbis: bf7c407c2cedff20999df2af8eb42d56 -> 
========================================================================
Received Prepare
Registering precompiled user dll's ...
Registered in 0.002043 seconds.
Begin MonoManager ReloadAssembly
Native extension for WindowsStandalone target not found
Refreshing native plugins compatible for Editor in 0.32 ms, found 2 plugins.
Preloading 0 native plugins for Editor in 0.00 ms.
Mono: successfully reloaded assembly
- Completed reload, in  0.835 seconds
Domain Reload Profiling:
	ReloadAssembly (835ms)
		BeginReloadAssembly (97ms)
			ExecutionOrderSort (0ms)
			DisableScriptedObjects (4ms)
			BackupInstance (0ms)
			ReleaseScriptingObjects (0ms)
			CreateAndSetChildDomain (25ms)
		EndReloadAssembly (689ms)
			LoadAssemblies (69ms)
			RebuildTransferFunctionScriptingTraits (0ms)
			SetupTypeCache (268ms)
			ReleaseScriptCaches (1ms)
			RebuildScriptCaches (32ms)
			SetupLoadedEditorAssemblies (234ms)
				LogAssemblyErrors (0ms)
				InitializePlatformSupportModulesInManaged (4ms)
				SetLoadedEditorAssemblies (0ms)
				RefreshPlugins (0ms)
				BeforeProcessingInitializeOnLoad (58ms)
				ProcessInitializeOnLoadAttributes (162ms)
				ProcessInitializeOnLoadMethodAttributes (8ms)
				AfterProcessingInitializeOnLoad (2ms)
				EditorAssembliesLoaded (0ms)
			ExecutionOrderSort2 (0ms)
			AwakeInstancesAfterBackupRestoration (6ms)
Platform modules already initialized, skipping
Refreshing native plugins compatible for Editor in 0.55 ms, found 2 plugins.
Preloading 0 native plugins for Editor in 0.00 ms.
Unloading 1497 Unused Serialized files (Serialized files now loaded: 0)
System memory in use before: 70.9 MB.
System memory in use after: 71.0 MB.

Unloading 14 unused Assets to reduce memory usage. Loaded Objects now: 1965.
Total: 2.681200 ms (FindLiveObjects: 0.178100 ms CreateObjectMapping: 0.048700 ms MarkObjects: 2.438400 ms  DeleteObjects: 0.015100 ms)

AssetImportParameters requested are different than current active one (requested -> active):
  custom:framework-win-MediaFoundation: 216162199b28c13a410421893ffa2e32 -> 
  custom:video-decoder-ogg-theora: a1e56fd34408186e4bbccfd4996cb3dc -> 
  custom:container-muxer-webm: aa71ff27fc2769a1b78a27578f13a17b -> 
  custom:container-demuxer-webm: 4f35f7cbe854078d1ac9338744f61a02 -> 
  custom:container-demuxer-ogg: 62fdf1f143b41e24485cea50d1cbac27 -> 
  custom:video-encoder-webm-vp8: eb34c28f22e8b96e1ab97ce403110664 -> 
  custom:video-decoder-webm-vp8: 9c59270c3fd7afecdb556c50c9e8de78 -> 
  custom:audio-decoder-ogg-vorbis: bf7c407c2cedff20999df2af8eb42d56 -> 
  custom:audio-encoder-webm-vorbis: bf7c407c2cedff20999df2af8eb42d56 -> 
========================================================================
Received Prepare
Registering precompiled user dll's ...
Registered in 0.002037 seconds.
Begin MonoManager ReloadAssembly
Native extension for WindowsStandalone target not found
Refreshing native plugins compatible for Editor in 0.31 ms, found 2 plugins.
Preloading 0 native plugins for Editor in 0.00 ms.
Mono: successfully reloaded assembly
- Completed reload, in  0.793 seconds
Domain Reload Profiling:
	ReloadAssembly (794ms)
		BeginReloadAssembly (96ms)
			ExecutionOrderSort (0ms)
			DisableScriptedObjects (4ms)
			BackupInstance (0ms)
			ReleaseScriptingObjects (0ms)
			CreateAndSetChildDomain (25ms)
		EndReloadAssembly (650ms)
			LoadAssemblies (69ms)
			RebuildTransferFunctionScriptingTraits (0ms)
			SetupTypeCache (231ms)
			ReleaseScriptCaches (1ms)
			RebuildScriptCaches (32ms)
			SetupLoadedEditorAssemblies (234ms)
				LogAssemblyErrors (0ms)
				InitializePlatformSupportModulesInManaged (4ms)
				SetLoadedEditorAssemblies (0ms)
				RefreshPlugins (0ms)
				BeforeProcessingInitializeOnLoad (58ms)
				ProcessInitializeOnLoadAttributes (162ms)
				ProcessInitializeOnLoadMethodAttributes (7ms)
				AfterProcessingInitializeOnLoad (2ms)
				EditorAssembliesLoaded (0ms)
			ExecutionOrderSort2 (0ms)
			AwakeInstancesAfterBackupRestoration (6ms)
Platform modules already initialized, skipping
Refreshing native plugins compatible for Editor in 0.59 ms, found 2 plugins.
Preloading 0 native plugins for Editor in 0.00 ms.
Unloading 1497 Unused Serialized files (Serialized files now loaded: 0)
System memory in use before: 70.9 MB.
System memory in use after: 71.0 MB.

Unloading 14 unused Assets to reduce memory usage. Loaded Objects now: 1967.
Total: 3.860100 ms (FindLiveObjects: 0.279100 ms CreateObjectMapping: 0.077100 ms MarkObjects: 3.476600 ms  DeleteObjects: 0.025900 ms)

AssetImportParameters requested are different than current active one (requested -> active):
  custom:framework-win-MediaFoundation: 216162199b28c13a410421893ffa2e32 -> 
  custom:video-decoder-ogg-theora: a1e56fd34408186e4bbccfd4996cb3dc -> 
  custom:container-muxer-webm: aa71ff27fc2769a1b78a27578f13a17b -> 
  custom:container-demuxer-webm: 4f35f7cbe854078d1ac9338744f61a02 -> 
  custom:container-demuxer-ogg: 62fdf1f143b41e24485cea50d1cbac27 -> 
  custom:video-encoder-webm-vp8: eb34c28f22e8b96e1ab97ce403110664 -> 
  custom:video-decoder-webm-vp8: 9c59270c3fd7afecdb556c50c9e8de78 -> 
  custom:audio-decoder-ogg-vorbis: bf7c407c2cedff20999df2af8eb42d56 -> 
  custom:audio-encoder-webm-vorbis: bf7c407c2cedff20999df2af8eb42d56 -> 
========================================================================
Received Prepare
Registering precompiled user dll's ...
Registered in 0.002065 seconds.
Begin MonoManager ReloadAssembly
Native extension for WindowsStandalone target not found
Refreshing native plugins compatible for Editor in 0.32 ms, found 2 plugins.
Preloading 0 native plugins for Editor in 0.00 ms.
Mono: successfully reloaded assembly
- Completed reload, in  0.819 seconds
Domain Reload Profiling:
	ReloadAssembly (820ms)
		BeginReloadAssembly (95ms)
			ExecutionOrderSort (0ms)
			DisableScriptedObjects (4ms)
			BackupInstance (0ms)
			ReleaseScriptingObjects (0ms)
			CreateAndSetChildDomain (26ms)
		EndReloadAssembly (665ms)
			LoadAssemblies (69ms)
			RebuildTransferFunctionScriptingTraits (0ms)
			SetupTypeCache (246ms)
			ReleaseScriptCaches (1ms)
			RebuildScriptCaches (33ms)
			SetupLoadedEditorAssemblies (233ms)
				LogAssemblyErrors (0ms)
				InitializePlatformSupportModulesInManaged (4ms)
				SetLoadedEditorAssemblies (0ms)
				RefreshPlugins (0ms)
				BeforeProcessingInitializeOnLoad (58ms)
				ProcessInitializeOnLoadAttributes (160ms)
				ProcessInitializeOnLoadMethodAttributes (9ms)
				AfterProcessingInitializeOnLoad (2ms)
				EditorAssembliesLoaded (0ms)
			ExecutionOrderSort2 (0ms)
			AwakeInstancesAfterBackupRestoration (6ms)
Platform modules already initialized, skipping
Refreshing native plugins compatible for Editor in 0.57 ms, found 2 plugins.
Preloading 0 native plugins for Editor in 0.00 ms.
Unloading 1497 Unused Serialized files (Serialized files now loaded: 0)
System memory in use before: 70.9 MB.
System memory in use after: 71.0 MB.

Unloading 14 unused Assets to reduce memory usage. Loaded Objects now: 1969.
Total: 2.892600 ms (FindLiveObjects: 0.156000 ms CreateObjectMapping: 0.047400 ms MarkObjects: 2.568900 ms  DeleteObjects: 0.119000 ms)

AssetImportParameters requested are different than current active one (requested -> active):
  custom:framework-win-MediaFoundation: 216162199b28c13a410421893ffa2e32 -> 
  custom:video-decoder-ogg-theora: a1e56fd34408186e4bbccfd4996cb3dc -> 
  custom:container-muxer-webm: aa71ff27fc2769a1b78a27578f13a17b -> 
  custom:container-demuxer-webm: 4f35f7cbe854078d1ac9338744f61a02 -> 
  custom:container-demuxer-ogg: 62fdf1f143b41e24485cea50d1cbac27 -> 
  custom:video-encoder-webm-vp8: eb34c28f22e8b96e1ab97ce403110664 -> 
  custom:video-decoder-webm-vp8: 9c59270c3fd7afecdb556c50c9e8de78 -> 
  custom:audio-decoder-ogg-vorbis: bf7c407c2cedff20999df2af8eb42d56 -> 
  custom:audio-encoder-webm-vorbis: bf7c407c2cedff20999df2af8eb42d56 -> 
========================================================================
Received Prepare
Registering precompiled user dll's ...
Registered in 0.002138 seconds.
Begin MonoManager ReloadAssembly
Native extension for WindowsStandalone target not found
Refreshing native plugins compatible for Editor in 0.32 ms, found 2 plugins.
Preloading 0 native plugins for Editor in 0.00 ms.
Mono: successfully reloaded assembly
- Completed reload, in  0.810 seconds
Domain Reload Profiling:
	ReloadAssembly (810ms)
		BeginReloadAssembly (83ms)
			ExecutionOrderSort (0ms)
			DisableScriptedObjects (4ms)
			BackupInstance (0ms)
			ReleaseScriptingObjects (0ms)
			CreateAndSetChildDomain (25ms)
		EndReloadAssembly (678ms)
			LoadAssemblies (71ms)
			RebuildTransferFunctionScriptingTraits (0ms)
			SetupTypeCache (250ms)
			ReleaseScriptCaches (1ms)
			RebuildScriptCaches (34ms)
			SetupLoadedEditorAssemblies (238ms)
				LogAssemblyErrors (0ms)
				InitializePlatformSupportModulesInManaged (4ms)
				SetLoadedEditorAssemblies (0ms)
				RefreshPlugins (0ms)
				BeforeProcessingInitializeOnLoad (59ms)
				ProcessInitializeOnLoadAttributes (165ms)
				ProcessInitializeOnLoadMethodAttributes (8ms)
				AfterProcessingInitializeOnLoad (2ms)
				EditorAssembliesLoaded (0ms)
			ExecutionOrderSort2 (0ms)
			AwakeInstancesAfterBackupRestoration (6ms)
Platform modules already initialized, skipping
Refreshing native plugins compatible for Editor in 0.61 ms, found 2 plugins.
Preloading 0 native plugins for Editor in 0.00 ms.
Unloading 1497 Unused Serialized files (Serialized files now loaded: 0)
System memory in use before: 70.9 MB.
System memory in use after: 71.0 MB.

Unloading 14 unused Assets to reduce memory usage. Loaded Objects now: 1971.
Total: 3.951000 ms (FindLiveObjects: 0.384400 ms CreateObjectMapping: 0.081700 ms MarkObjects: 3.453700 ms  DeleteObjects: 0.029500 ms)

AssetImportParameters requested are different than current active one (requested -> active):
  custom:framework-win-MediaFoundation: 216162199b28c13a410421893ffa2e32 -> 
  custom:video-decoder-ogg-theora: a1e56fd34408186e4bbccfd4996cb3dc -> 
  custom:container-muxer-webm: aa71ff27fc2769a1b78a27578f13a17b -> 
  custom:container-demuxer-webm: 4f35f7cbe854078d1ac9338744f61a02 -> 
  custom:container-demuxer-ogg: 62fdf1f143b41e24485cea50d1cbac27 -> 
  custom:video-encoder-webm-vp8: eb34c28f22e8b96e1ab97ce403110664 -> 
  custom:video-decoder-webm-vp8: 9c59270c3fd7afecdb556c50c9e8de78 -> 
  custom:audio-decoder-ogg-vorbis: bf7c407c2cedff20999df2af8eb42d56 -> 
  custom:audio-encoder-webm-vorbis: bf7c407c2cedff20999df2af8eb42d56 -> 
========================================================================
Received Prepare
Registering precompiled user dll's ...
Registered in 0.002126 seconds.
Begin MonoManager ReloadAssembly
Native extension for WindowsStandalone target not found
Refreshing native plugins compatible for Editor in 0.32 ms, found 2 plugins.
Preloading 0 native plugins for Editor in 0.00 ms.
Mono: successfully reloaded assembly
- Completed reload, in  0.811 seconds
Domain Reload Profiling:
	ReloadAssembly (812ms)
		BeginReloadAssembly (94ms)
			ExecutionOrderSort (0ms)
			DisableScriptedObjects (4ms)
			BackupInstance (0ms)
			ReleaseScriptingObjects (0ms)
			CreateAndSetChildDomain (25ms)
		EndReloadAssembly (668ms)
			LoadAssemblies (69ms)
			RebuildTransferFunctionScriptingTraits (0ms)
			SetupTypeCache (247ms)
			ReleaseScriptCaches (1ms)
			RebuildScriptCaches (33ms)
			SetupLoadedEditorAssemblies (234ms)
				LogAssemblyErrors (0ms)
				InitializePlatformSupportModulesInManaged (4ms)
				SetLoadedEditorAssemblies (0ms)
				RefreshPlugins (0ms)
				BeforeProcessingInitializeOnLoad (60ms)
				ProcessInitializeOnLoadAttributes (160ms)
				ProcessInitializeOnLoadMethodAttributes (8ms)
				AfterProcessingInitializeOnLoad (2ms)
				EditorAssembliesLoaded (0ms)
			ExecutionOrderSort2 (0ms)
			AwakeInstancesAfterBackupRestoration (6ms)
Platform modules already initialized, skipping
Refreshing native plugins compatible for Editor in 0.55 ms, found 2 plugins.
Preloading 0 native plugins for Editor in 0.00 ms.
Unloading 1497 Unused Serialized files (Serialized files now loaded: 0)
System memory in use before: 70.9 MB.
System memory in use after: 71.0 MB.

Unloading 14 unused Assets to reduce memory usage. Loaded Objects now: 1973.
Total: 3.805100 ms (FindLiveObjects: 0.251700 ms CreateObjectMapping: 0.072200 ms MarkObjects: 3.457500 ms  DeleteObjects: 0.022500 ms)

AssetImportParameters requested are different than current active one (requested -> active):
  custom:framework-win-MediaFoundation: 216162199b28c13a410421893ffa2e32 -> 
  custom:video-decoder-ogg-theora: a1e56fd34408186e4bbccfd4996cb3dc -> 
  custom:container-muxer-webm: aa71ff27fc2769a1b78a27578f13a17b -> 
  custom:container-demuxer-webm: 4f35f7cbe854078d1ac9338744f61a02 -> 
  custom:container-demuxer-ogg: 62fdf1f143b41e24485cea50d1cbac27 -> 
  custom:video-encoder-webm-vp8: eb34c28f22e8b96e1ab97ce403110664 -> 
  custom:video-decoder-webm-vp8: 9c59270c3fd7afecdb556c50c9e8de78 -> 
  custom:audio-decoder-ogg-vorbis: bf7c407c2cedff20999df2af8eb42d56 -> 
  custom:audio-encoder-webm-vorbis: bf7c407c2cedff20999df2af8eb42d56 -> 
========================================================================
Received Prepare
Registering precompiled user dll's ...
Registered in 0.002049 seconds.
Begin MonoManager ReloadAssembly
Native extension for WindowsStandalone target not found
Refreshing native plugins compatible for Editor in 0.31 ms, found 2 plugins.
Preloading 0 native plugins for Editor in 0.00 ms.
Mono: successfully reloaded assembly
- Completed reload, in  0.793 seconds
Domain Reload Profiling:
	ReloadAssembly (793ms)
		BeginReloadAssembly (94ms)
			ExecutionOrderSort (0ms)
			DisableScriptedObjects (4ms)
			BackupInstance (0ms)
			ReleaseScriptingObjects (0ms)
			CreateAndSetChildDomain (25ms)
		EndReloadAssembly (649ms)
			LoadAssemblies (68ms)
			RebuildTransferFunctionScriptingTraits (0ms)
			SetupTypeCache (233ms)
			ReleaseScriptCaches (1ms)
			RebuildScriptCaches (32ms)
			SetupLoadedEditorAssemblies (232ms)
				LogAssemblyErrors (0ms)
				InitializePlatformSupportModulesInManaged (4ms)
				SetLoadedEditorAssemblies (0ms)
				RefreshPlugins (0ms)
				BeforeProcessingInitializeOnLoad (58ms)
				ProcessInitializeOnLoadAttributes (161ms)
				ProcessInitializeOnLoadMethodAttributes (7ms)
				AfterProcessingInitializeOnLoad (2ms)
				EditorAssembliesLoaded (0ms)
			ExecutionOrderSort2 (0ms)
			AwakeInstancesAfterBackupRestoration (6ms)
Platform modules already initialized, skipping
Refreshing native plugins compatible for Editor in 0.34 ms, found 2 plugins.
Preloading 0 native plugins for Editor in 0.00 ms.
Unloading 1497 Unused Serialized files (Serialized files now loaded: 0)
System memory in use before: 70.9 MB.
System memory in use after: 71.0 MB.

Unloading 14 unused Assets to reduce memory usage. Loaded Objects now: 1975.
Total: 2.737500 ms (FindLiveObjects: 0.194500 ms CreateObjectMapping: 0.054600 ms MarkObjects: 2.469600 ms  DeleteObjects: 0.018000 ms)

AssetImportParameters requested are different than current active one (requested -> active):
  custom:framework-win-MediaFoundation: 216162199b28c13a410421893ffa2e32 -> 
  custom:video-decoder-ogg-theora: a1e56fd34408186e4bbccfd4996cb3dc -> 
  custom:container-muxer-webm: aa71ff27fc2769a1b78a27578f13a17b -> 
  custom:container-demuxer-webm: 4f35f7cbe854078d1ac9338744f61a02 -> 
  custom:container-demuxer-ogg: 62fdf1f143b41e24485cea50d1cbac27 -> 
  custom:video-encoder-webm-vp8: eb34c28f22e8b96e1ab97ce403110664 -> 
  custom:video-decoder-webm-vp8: 9c59270c3fd7afecdb556c50c9e8de78 -> 
  custom:audio-decoder-ogg-vorbis: bf7c407c2cedff20999df2af8eb42d56 -> 
  custom:audio-encoder-webm-vorbis: bf7c407c2cedff20999df2af8eb42d56 -> 
AssetImportWorkerClient::OnTransportError - code=2 error=End of file
